Connected to 192.168.254.154.
220 (vsFTPd 2.3.4)
331 Please specify the password.
230 Login successful.
Remote system type is UNIX.
Using binary mode to transfer files.
221 Goodbye.
Connected to 192.168.254.154.
220 (vsFTPd 2.3.4)
331 Please specify the password.
230 Login successful.
Remote system type is UNIX.
Using binary mode to transfer files.
221 Goodbye.
Connected to 192.168.254.154.
220 (vsFTPd 2.3.4)
331 Please specify the password.
230 Login successful.
Remote system type is UNIX.
Using binary mode to transfer files.
221 Goodbye.
