# Nmap 7.95 scan initiated Thu Jun 12 15:06:20 2025 as: /usr/lib/nmap/nmap --privileged -sV -p 22 --script=ssh2-enum-algos,ssh-auth-methods -oN logs/ssh_scan.log 192.168.243.19
Nmap scan report for 192.168.243.19
Host is up (0.055s latency).

PORT   STATE SERVICE VERSION
22/tcp open  ssh     OpenSSH 8.9p1 Ubuntu 3 (Ubuntu Linux; protocol 2.0)
| ssh-auth-methods: 
|   Supported authentication methods: 
|     publickey
|_    password
| ssh2-enum-algos: 
|   kex_algorithms: (10)
|       curve25519-sha256
|       curve25519-sha256@libssh.org
|       ecdh-sha2-nistp256
|       ecdh-sha2-nistp384
|       ecdh-sha2-nistp521
|       sntrup761x25519-sha512@openssh.com
|       diffie-hellman-group-exchange-sha256
|       diffie-hellman-group16-sha512
|       diffie-hellman-group18-sha512
|       diffie-hellman-group14-sha256
|   server_host_key_algorithms: (4)
|       rsa-sha2-512
|       rsa-sha2-256
|       ecdsa-sha2-nistp256
|       ssh-ed25519
|   encryption_algorithms: (6)
|       chacha20-poly1305@openssh.com
|       aes128-ctr
|       aes192-ctr
|       aes256-ctr
|       aes128-gcm@openssh.com
|       aes256-gcm@openssh.com
|   mac_algorithms: (10)
|       umac-64-etm@openssh.com
|       umac-128-etm@openssh.com
|       hmac-sha2-256-etm@openssh.com
|       hmac-sha2-512-etm@openssh.com
|       hmac-sha1-etm@openssh.com
|       umac-64@openssh.com
|       umac-128@openssh.com
|       hmac-sha2-256
|       hmac-sha2-512
|       hmac-sha1
|   compression_algorithms: (2)
|       none
|_      zlib@openssh.com
Service Info: OS: Linux; CPE: cpe:/o:linux:linux_kernel

Service detection performed. Please report any incorrect results at https://nmap.org/submit/ .
# Nmap done at Thu Jun 12 15:06:21 2025 -- 1 IP address (1 host up) scanned in 0.97 seconds
